<?xml version="1.0" encoding="utf-8"?><testsuites name="pytest tests"><testsuite name="pytest" errors="0" failures="0" skipped="0" tests="7" time="2.191" timestamp="2026-07-24T11:44:35.534368+00:00" hostname="agent-env-8fe5fe52-32a4-491e-98f2-d8761d59bde5"><testcase classname="tests.backend_test.TestHealth" name="test_health" time="0.198" /><testcase classname="tests.backend_test.TestContact" name="test_contact_submit_success" time="0.919" /><testcase classname="tests.backend_test.TestHealth" name="test_root" time="0.046" /><testcase classname="tests.backend_test.TestGithub" name="test_github_profile" time="0.387" /><testcase classname="tests.backend_test.TestGithub" name="test_github_profile_cache" time="0.089" /><testcase classname="tests.backend_test.TestContact" name="test_contact_missing_field_422" time="0.045" /><testcase classname="tests.backend_test.TestResume" name="test_resume_download" time="0.051" /></testsuite></testsuites>